<?xml version="1.0" encoding="UTF-8"?>
<testsuite name="reveila.spring.ApplicationTests" tests="9" skipped="0" failures="0" errors="0" timestamp="2025-07-13T03:59:19" hostname="TX16PRO" time="1.61">
  <properties/>
  <testcase name="echoShouldReturnServiceUnavailableWhenProxyIsMissing()" classname="reveila.spring.ApplicationTests" time="1.375"/>
  <testcase name="updateGreetingShouldReturnOk()" classname="reveila.spring.ApplicationTests" time="0.079"/>
  <testcase name="echoShouldReturnMessageFromService()" classname="reveila.spring.ApplicationTests" time="0.019"/>
  <testcase name="handleFileUploadShouldReturnOk()" classname="reveila.spring.ApplicationTests" time="0.049"/>
  <testcase name="handleMultipleFileUploadShouldReturnOk()" classname="reveila.spring.ApplicationTests" time="0.018"/>
  <testcase name="createGreetingShouldReturnCreated()" classname="reveila.spring.ApplicationTests" time="0.015"/>
  <testcase name="deleteGreetingShouldReturnNoContent()" classname="reveila.spring.ApplicationTests" time="0.017"/>
  <testcase name="contextLoads()" classname="reveila.spring.ApplicationTests" time="0.007"/>
  <testcase name="patchGreetingShouldReturnOk()" classname="reveila.spring.ApplicationTests" time="0.016"/>
  <system-out><![CDATA[
  .   ____          _            __ _ _
 /\\ / ___'_ __ _ _(_)_ __  __ _ \ \ \ \
( ( )\___ | '_ | '_| | '_ \/ _` | \ \ \ \
 \\/  ___)| |_)| | | | | || (_| |  ) ) ) )
  '  |____| .__|_| |_|_| |_\__, | / / / /
 =========|_|==============|___/=/_/_/_/
 :: Spring Boot ::                (v3.2.5)

2025-07-12T22:59:15.233-05:00  INFO 22048 --- [Reveila-Suite] [    Test worker] reveila.spring.ApplicationTests          : Starting ApplicationTests using Java 21.0.7 with PID 22048 (started by Charles Lee in C:\IDE\Projects\Reveila-Suite\api)
2025-07-12T22:59:15.237-05:00 DEBUG 22048 --- [Reveila-Suite] [    Test worker] reveila.spring.ApplicationTests          : Running with Spring Boot v3.2.5, Spring v6.1.6
2025-07-12T22:59:15.239-05:00  INFO 22048 --- [Reveila-Suite] [    Test worker] reveila.spring.ApplicationTests          : No active profile set, falling back to 1 default profile: "default"
2025-07-12T22:59:18.043-05:00  INFO 22048 --- [Reveila-Suite] [    Test worker] o.s.b.w.embedded.tomcat.TomcatWebServer  : Tomcat initialized with port 0 (http)
2025-07-12T22:59:18.076-05:00  INFO 22048 --- [Reveila-Suite] [    Test worker] o.apache.catalina.core.StandardService   : Starting service [Tomcat]
2025-07-12T22:59:18.076-05:00  INFO 22048 --- [Reveila-Suite] [    Test worker] o.apache.catalina.core.StandardEngine    : Starting Servlet engine: [Apache Tomcat/10.1.20]
2025-07-12T22:59:18.213-05:00  INFO 22048 --- [Reveila-Suite] [    Test worker] o.a.c.c.C.[Tomcat].[localhost].[/]       : Initializing Spring embedded WebApplicationContext
2025-07-12T22:59:18.217-05:00  INFO 22048 --- [Reveila-Suite] [    Test worker] w.s.c.ServletWebServerApplicationContext : Root WebApplicationContext: initialization completed in 2949 ms
2025-07-12T22:59:19.440-05:00  INFO 22048 --- [Reveila-Suite] [    Test worker] o.s.b.w.embedded.tomcat.TomcatWebServer  : Tomcat started on port 49382 (http) with context path ''
2025-07-12T22:59:19.453-05:00  INFO 22048 --- [Reveila-Suite] [    Test worker] reveila.spring.ApplicationTests          : Started ApplicationTests in 4.57 seconds (process running for 5.919)
2025-07-12T22:59:19.693-05:00  INFO 22048 --- [Reveila-Suite] [o-auto-1-exec-1] o.a.c.c.C.[Tomcat].[localhost].[/]       : Initializing Spring DispatcherServlet 'dispatcherServlet'
2025-07-12T22:59:19.693-05:00  INFO 22048 --- [Reveila-Suite] [o-auto-1-exec-1] o.s.web.servlet.DispatcherServlet        : Initializing Servlet 'dispatcherServlet'
2025-07-12T22:59:19.695-05:00  INFO 22048 --- [Reveila-Suite] [o-auto-1-exec-1] o.s.web.servlet.DispatcherServlet        : Completed initialization in 2 ms
]]></system-out>
  <system-err><![CDATA[WARNING: A Java agent has been loaded dynamically (C:\Users\Charles Lee\.gradle\caches\modules-2\files-2.1\net.bytebuddy\byte-buddy-agent\1.14.13\979ce25f7d3096a2e82214ba7dc972a05ce7a171\byte-buddy-agent-1.14.13.jar)
WARNING: If a serviceability tool is in use, please run with -XX:+EnableDynamicAgentLoading to hide this warning
WARNING: If a serviceability tool is not in use, please run with -Djdk.instrument.traceUsage for more information
WARNING: Dynamic loading of agents will be disallowed by default in a future release
]]></system-err>
</testsuite>
